<?xml version="1.0" encoding="UTF-8"?>
<!-- Generated by org.testng.reporters.JUnitXMLReporter -->
<testsuite hostname="LE-PF1EPTKS" ignored="0" name="Default test" tests="5" failures="0" timestamp="26 Feb 2020 19:47:20 GMT" time="68.679" errors="0">
  <testcase name="isUsernameEnabled" time="0.049" classname="com.amazon.qa.testcases.LoginPageTest"/>
  <testcase name="isPasswordEnabled" time="0.033" classname="com.amazon.qa.testcases.LoginPageTest"/>
  <testcase name="loginPageTitleTest" time="0.021" classname="com.amazon.qa.testcases.LoginPageTest"/>
  <testcase name="loginPageLogoTest" time="0.062" classname="com.amazon.qa.testcases.LoginPageTest"/>
  <testcase name="verifyLoginTest" time="3.879" classname="com.amazon.qa.testcases.LoginPageTest"/>
</testsuite> <!-- Default test -->
