<?xml version="1.0" encoding="UTF-8"?>
<testng-results skipped="0" failed="0" ignored="0" total="5" passed="5">
  <reporter-output>
  </reporter-output>
  <suite name="Default suite" duration-ms="68679" started-at="2020-02-26T19:46:11Z" finished-at="2020-02-26T19:47:20Z">
    <groups>
    </groups>
    <test name="Default test" duration-ms="68679" started-at="2020-02-26T19:46:11Z" finished-at="2020-02-26T19:47:20Z">
      <class name="com.amazon.qa.testcases.LoginPageTest">
        <test-method status="PASS" signature="setUp()[pri:0, instance:com.amazon.qa.testcases.LoginPageTest@1794d431]" name="setUp" is-config="true" duration-ms="12801" started-at="2020-02-26T19:46:11Z" finished-at="2020-02-26T19:46:24Z">
          <reporter-output>
          </reporter-output>
        </test-method> <!-- setUp -->
        <test-method status="PASS" signature="isUsernameEnabled()[pri:1, instance:com.amazon.qa.testcases.LoginPageTest@1794d431]" name="isUsernameEnabled" duration-ms="49" started-at="2020-02-26T19:46:24Z" finished-at="2020-02-26T19:46:24Z">
          <reporter-output>
          </reporter-output>
        </test-method> <!-- isUsernameEnabled -->
        <test-method status="PASS" signature="teardown()[pri:0, instance:com.amazon.qa.testcases.LoginPageTest@1794d431]" name="teardown" is-config="true" duration-ms="758" started-at="2020-02-26T19:46:24Z" finished-at="2020-02-26T19:46:24Z">
          <reporter-output>
          </reporter-output>
        </test-method> <!-- teardown -->
        <test-method status="PASS" signature="setUp()[pri:0, instance:com.amazon.qa.testcases.LoginPageTest@1794d431]" name="setUp" is-config="true" duration-ms="11854" started-at="2020-02-26T19:46:24Z" finished-at="2020-02-26T19:46:36Z">
          <reporter-output>
          </reporter-output>
        </test-method> <!-- setUp -->
        <test-method status="PASS" signature="isPasswordEnabled()[pri:2, instance:com.amazon.qa.testcases.LoginPageTest@1794d431]" name="isPasswordEnabled" duration-ms="33" started-at="2020-02-26T19:46:36Z" finished-at="2020-02-26T19:46:36Z">
          <reporter-output>
          </reporter-output>
        </test-method> <!-- isPasswordEnabled -->
        <test-method status="PASS" signature="teardown()[pri:0, instance:com.amazon.qa.testcases.LoginPageTest@1794d431]" name="teardown" is-config="true" duration-ms="750" started-at="2020-02-26T19:46:36Z" finished-at="2020-02-26T19:46:37Z">
          <reporter-output>
          </reporter-output>
        </test-method> <!-- teardown -->
        <test-method status="PASS" signature="setUp()[pri:0, instance:com.amazon.qa.testcases.LoginPageTest@1794d431]" name="setUp" is-config="true" duration-ms="11874" started-at="2020-02-26T19:46:37Z" finished-at="2020-02-26T19:46:49Z">
          <reporter-output>
          </reporter-output>
        </test-method> <!-- setUp -->
        <test-method status="PASS" signature="loginPageTitleTest()[pri:3, instance:com.amazon.qa.testcases.LoginPageTest@1794d431]" name="loginPageTitleTest" duration-ms="21" started-at="2020-02-26T19:46:49Z" finished-at="2020-02-26T19:46:49Z">
          <reporter-output>
          </reporter-output>
        </test-method> <!-- loginPageTitleTest -->
        <test-method status="PASS" signature="teardown()[pri:0, instance:com.amazon.qa.testcases.LoginPageTest@1794d431]" name="teardown" is-config="true" duration-ms="1122" started-at="2020-02-26T19:46:49Z" finished-at="2020-02-26T19:46:50Z">
          <reporter-output>
          </reporter-output>
        </test-method> <!-- teardown -->
        <test-method status="PASS" signature="setUp()[pri:0, instance:com.amazon.qa.testcases.LoginPageTest@1794d431]" name="setUp" is-config="true" duration-ms="11717" started-at="2020-02-26T19:46:50Z" finished-at="2020-02-26T19:47:02Z">
          <reporter-output>
          </reporter-output>
        </test-method> <!-- setUp -->
        <test-method status="PASS" signature="loginPageLogoTest()[pri:4, instance:com.amazon.qa.testcases.LoginPageTest@1794d431]" name="loginPageLogoTest" duration-ms="62" started-at="2020-02-26T19:47:02Z" finished-at="2020-02-26T19:47:02Z">
          <reporter-output>
          </reporter-output>
        </test-method> <!-- loginPageLogoTest -->
        <test-method status="PASS" signature="teardown()[pri:0, instance:com.amazon.qa.testcases.LoginPageTest@1794d431]" name="teardown" is-config="true" duration-ms="1103" started-at="2020-02-26T19:47:02Z" finished-at="2020-02-26T19:47:03Z">
          <reporter-output>
          </reporter-output>
        </test-method> <!-- teardown -->
        <test-method status="PASS" signature="setUp()[pri:0, instance:com.amazon.qa.testcases.LoginPageTest@1794d431]" name="setUp" is-config="true" duration-ms="11759" started-at="2020-02-26T19:47:03Z" finished-at="2020-02-26T19:47:15Z">
          <reporter-output>
          </reporter-output>
        </test-method> <!-- setUp -->
        <test-method status="PASS" signature="verifyLoginTest()[pri:5, instance:com.amazon.qa.testcases.LoginPageTest@1794d431]" name="verifyLoginTest" duration-ms="3879" started-at="2020-02-26T19:47:15Z" finished-at="2020-02-26T19:47:19Z">
          <reporter-output>
          </reporter-output>
        </test-method> <!-- verifyLoginTest -->
        <test-method status="PASS" signature="teardown()[pri:0, instance:com.amazon.qa.testcases.LoginPageTest@1794d431]" name="teardown" is-config="true" duration-ms="847" started-at="2020-02-26T19:47:19Z" finished-at="2020-02-26T19:47:20Z">
          <reporter-output>
          </reporter-output>
        </test-method> <!-- teardown -->
      </class> <!-- com.amazon.qa.testcases.LoginPageTest -->
    </test> <!-- Default test -->
  </suite> <!-- Default suite -->
</testng-results>
